<?xml version="1.0" encoding="UTF-8"?>
<!-- Generated by org.testng.reporters.JUnitReportReporter -->
<testsuite hostname="DESKTOP-SI26MFO" failures="0" tests="10" name="pom_demoqa.TestRunner" time="102.408" errors="0" timestamp="2024-07-13T13:07:39 IST" skipped="0">
  <testcase classname="pom_demoqa.TestRunner" name="TC003_CheckBoxPage" time="9.479"/>
  <system-out/>
  <testcase classname="pom_demoqa.TestRunner" name="TC006_Buttons" time="0.872"/>
  <system-out/>
  <testcase classname="pom_demoqa.TestRunner" name="TC008_BrokenElements" time="10.066"/>
  <system-out/>
  <testcase classname="pom_demoqa.TestRunner" name="TC004_RadioButton" time="0.724"/>
  <system-out/>
  <testcase classname="pom_demoqa.TestRunner" name="TC005_WebTables" time="17.901"/>
  <system-out/>
  <testcase classname="pom_demoqa.TestRunner" name="TC010_DynamicPropsCheck" time="9.466"/>
  <system-out/>
  <testcase classname="pom_demoqa.TestRunner" name="TC007_Links" time="32.112"/>
  <system-out/>
  <testcase classname="pom_demoqa.TestRunner" name="TC001_SiteLogin" time="2.047"/>
  <system-out/>
  <testcase classname="pom_demoqa.TestRunner" name="TC009_UpDownCheck" time="7.277"/>
  <system-out/>
  <testcase classname="pom_demoqa.TestRunner" name="TC002_TextBoxPage" time="12.464"/>
  <system-out/>
</testsuite> <!-- pom_demoqa.TestRunner -->
